#
# There is insufficient memory for the Java Runtime Environment to continue.
# Native memory allocation (mmap) failed to map 2113929216 bytes for committing reserved memory.
# Possible reasons:
#   The system is out of physical RAM or swap space
#   The process is running with CompressedOops enabled, and the Java Heap may be blocking the growth of the native heap
# Possible solutions:
#   Reduce memory load on the system
#   Increase physical memory or swap space
#   Check if swap backing store is full
#   Decrease Java heap size (-Xmx/-Xms)
#   Decrease number of Java threads
#   Decrease Java thread stack sizes (-Xss)
#   Set larger code cache with -XX:ReservedCodeCacheSize=
# This output file may be truncated or incomplete.
#
#  Out of Memory Error (os_linux.cpp:2709), pid=28322, tid=28325
#
# JRE version:  (11.0+28) (build )
# Java VM: Java HotSpot(TM) 64-Bit Server VM (11+28, mixed mode, aot, sharing, tiered, compressed oops, g1 gc, linux-amd64)
# No core dump will be written. Core dumps have been disabled. To enable core dumping, try "ulimit -c unlimited" before starting Java again
#

---------------  S U M M A R Y ------------

Command Line: -Dmaven.multiModuleProjectDirectory=/datamore/cc/knowledge -Dmaven.home=/etc/idea/idea-IU-192.6262.58/plugins/maven/lib/maven3 -Dclassworlds.conf=/etc/idea/idea-IU-192.6262.58/plugins/maven/lib/maven3/bin/m2.conf -Dmaven.ext.class.path=/etc/idea/idea-IU-192.6262.58/plugins/maven/lib/maven-event-listener.jar -javaagent:/etc/idea/idea-IU-192.6262.58/lib/idea_rt.jar=39018:/etc/idea/idea-IU-192.6262.58/bin -Dfile.encoding=UTF-8 org.codehaus.classworlds.Launcher -Didea.version2019.2.1 -s /datamore/cc/.m2/settings.xml -Dmaven.repo.local=/datamore/cc/.m2/repository compile

Host: Intel(R) Xeon(R) CPU E5-2630 v4 @ 2.20GHz, 40 cores, 125G, Ubuntu 16.04.5 LTS
Time: Thu Aug 29 10:49:57 2019 CST elapsed time: 0 seconds (0d 0h 0m 0s)

---------------  T H R E A D  ---------------

Current thread (0x00007ff4fc012800):  JavaThread "Unknown thread" [_thread_in_vm, id=28325, stack(0x00007ff503cd7000,0x00007ff503dd8000)]

Stack: [0x00007ff503cd7000,0x00007ff503dd8000],  sp=0x00007ff503dd6280,  free space=1020k
Native frames: (J=compiled Java code, A=aot compiled Java code, j=interpreted, Vv=VM code, C=native code)
V  [libjvm.so+0xe59127]  VMError::report_and_die(int, char const*, char const*, __va_list_tag*, Thread*, unsigned char*, void*, void*, char const*, int, unsigned long)+0x2c7
V  [libjvm.so+0xe59d8b]  VMError::report_and_die(Thread*, char const*, int, unsigned long, VMErrorType, char const*, __va_list_tag*)+0x2b
V  [libjvm.so+0x6caf85]  report_vm_out_of_memory(char const*, int, unsigned long, VMErrorType, char const*, ...)+0xd5
V  [libjvm.so+0xc34bd8]  os::pd_commit_memory_or_exit(char*, unsigned long, unsigned long, bool, char const*)+0x108
V  [libjvm.so+0xc2c60d]  os::commit_memory_or_exit(char*, unsigned long, unsigned long, bool, char const*)+0x1d
V  [libjvm.so+0x7dff6f]  G1PageBasedVirtualSpace::commit_preferred_pages(unsigned long, unsigned long)+0x5f
V  [libjvm.so+0x7e01de]  G1PageBasedVirtualSpace::commit(unsigned long, unsigned long)+0x5e
V  [libjvm.so+0x7ebfb0]  G1RegionsLargerThanCommitSizeMapper::commit_regions(unsigned int, unsigned long, WorkGang*)+0x40
V  [libjvm.so+0x867609]  HeapRegionManager::commit_regions(unsigned int, unsigned long, WorkGang*)+0x89
V  [libjvm.so+0x86825f]  HeapRegionManager::make_regions_available(unsigned int, unsigned int, WorkGang*)+0x3f
V  [libjvm.so+0x8686e9]  HeapRegionManager::expand_at(unsigned int, unsigned int, WorkGang*) [clone .part.44]+0x119
V  [libjvm.so+0x7a4d8f]  G1CollectedHeap::expand(unsigned long, WorkGang*, double*)+0xdf
V  [libjvm.so+0x7a549d]  G1CollectedHeap::initialize()+0x68d
V  [libjvm.so+0xe14012]  Universe::initialize_heap()+0x32
V  [libjvm.so+0xe142c6]  universe_init()+0x46
V  [libjvm.so+0x8808e7]  init_globals()+0x57
V  [libjvm.so+0xdf3517]  Threads::create_vm(JavaVMInitArgs*, bool*)+0x327
V  [libjvm.so+0x93c462]  JNI_CreateJavaVM+0x52
C  [libjli.so+0x49d6]  JavaMain+0x86


---------------  P R O C E S S  ---------------

Threads class SMR info:
_java_thread_list=0x0000000002471750, length=0, elements={
}

Java Threads: ( => current thread )

Other Threads:
  0x00007ff4fc03c000 GCTaskThread "GC Thread#0" [stack: 0x00007ff50005c000,0x00007ff50015c000] [id=28327]
  0x00007ff4fc0ac000 ConcurrentGCThread "G1 Main Marker" [stack: 0x00007ff497582000,0x00007ff497682000] [id=28328]
  0x00007ff4fc0ae000 ConcurrentGCThread "G1 Conc#0" [stack: 0x00007ff497481000,0x00007ff497581000] [id=28329]

[error occurred during error reporting (printing all threads), id 0xb, SIGSEGV (0xb) at pc=0x00007ff5022a6430]

VM state:not at safepoint (not fully initialized)

VM Mutex/Monitor currently owned by a thread:  ([mutex/lock_event])
[0x00007ff4fc00f0b0] Heap_lock - owner thread: 0x00007ff4fc012800

Heap address: 0x0000000082000000, size: 30688 MB, Compressed Oops mode: Non-zero based: 0x0000000082000000
Narrow klass base: 0x0000000000000000, Narrow klass shift: 0

GC Heap History (0 events):
No events

Deoptimization events (0 events):
No events

Classes redefined (0 events):
No events

Internal exceptions (0 events):
No events

Events (0 events):
No events


Dynamic libraries:
00400000-00401000 r-xp 00000000 08:06 4981475                            /usr/lib/jvm/jdk-11/bin/java
00600000-00601000 r--p 00000000 08:06 4981475                            /usr/lib/jvm/jdk-11/bin/java
00601000-00602000 rw-p 00001000 08:06 4981475                            /usr/lib/jvm/jdk-11/bin/java
0246e000-0248f000 rw-p 00000000 00:00 0                                  [heap]
100000000-800000000 ---p 00000000 00:00 0 
7ff488000000-7ff488021000 rw-p 00000000 00:00 0 
7ff488021000-7ff48c000000 ---p 00000000 00:00 0 
7ff48f44e000-7ff490000000 rw-p 00000000 00:00 0 
7ff490000000-7ff490021000 rw-p 00000000 00:00 0 
7ff490021000-7ff494000000 ---p 00000000 00:00 0 
7ff49406c000-7ff497480000 rw-p 00000000 00:00 0 
7ff497480000-7ff497481000 ---p 00000000 00:00 0 
7ff497481000-7ff497581000 rw-p 00000000 00:00 0 
7ff497581000-7ff497582000 ---p 00000000 00:00 0 
7ff497582000-7ff497c30000 rw-p 00000000 00:00 0 
7ff497c30000-7ff4def00000 ---p 00000000 00:00 0 
7ff4def00000-7ff4e0000000 rw-p 00000000 00:00 0 
7ff4e0000000-7ff4e0021000 rw-p 00000000 00:00 0 
7ff4e0021000-7ff4e4000000 ---p 00000000 00:00 0 
7ff4e403b000-7ff4e4c47000 rw-p 00000000 00:00 0 
7ff4e4c47000-7ff4e4eb7000 rwxp 00000000 00:00 0 
7ff4e4eb7000-7ff4e5414000 ---p 00000000 00:00 0 
7ff4e5414000-7ff4e5684000 rwxp 00000000 00:00 0 
7ff4e5684000-7ff4ec82d000 ---p 00000000 00:00 0 
7ff4ec82d000-7ff4eca9d000 rwxp 00000000 00:00 0 
7ff4eca9d000-7ff4f3c47000 ---p 00000000 00:00 0 
7ff4f3c47000-7ff4fc000000 r--s 00000000 08:06 4981640                    /usr/lib/jvm/jdk-11/lib/modules
7ff4fc000000-7ff4fc12f000 rw-p 00000000 00:00 0 
7ff4fc12f000-7ff500000000 ---p 00000000 00:00 0 
7ff50005b000-7ff50005c000 ---p 00000000 00:00 0 
7ff50005c000-7ff500161000 rw-p 00000000 00:00 0 
7ff500161000-7ff500245000 ---p 00000000 00:00 0 
7ff500245000-7ff50024a000 rw-p 00000000 00:00 0 
7ff50024a000-7ff50032e000 ---p 00000000 00:00 0 
7ff50032e000-7ff500349000 r-xp 00000000 08:06 4981643                    /usr/lib/jvm/jdk-11/lib/libjimage.so
7ff500349000-7ff500548000 ---p 0001b000 08:06 4981643                    /usr/lib/jvm/jdk-11/lib/libjimage.so
7ff500548000-7ff50054a000 r--p 0001a000 08:06 4981643                    /usr/lib/jvm/jdk-11/lib/libjimage.so
7ff50054a000-7ff50054b000 rw-p 0001c000 08:06 4981643                    /usr/lib/jvm/jdk-11/lib/libjimage.so
7ff50054b000-7ff500552000 r-xp 00000000 08:06 4981636                    /usr/lib/jvm/jdk-11/lib/libzip.so
7ff500552000-7ff500751000 ---p 00007000 08:06 4981636                    /usr/lib/jvm/jdk-11/lib/libzip.so
7ff500751000-7ff500752000 r--p 00006000 08:06 4981636                    /usr/lib/jvm/jdk-11/lib/libzip.so
7ff500752000-7ff500753000 rw-p 00007000 08:06 4981636                    /usr/lib/jvm/jdk-11/lib/libzip.so
7ff500753000-7ff50075e000 r-xp 00000000 08:06 9176510                    /lib/x86_64-linux-gnu/libnss_files-2.23.so
7ff50075e000-7ff50095d000 ---p 0000b000 08:06 9176510                    /lib/x86_64-linux-gnu/libnss_files-2.23.so
7ff50095d000-7ff50095e000 r--p 0000a000 08:06 9176510                    /lib/x86_64-linux-gnu/libnss_files-2.23.so
7ff50095e000-7ff50095f000 rw-p 0000b000 08:06 9176510                    /lib/x86_64-linux-gnu/libnss_files-2.23.so
7ff50095f000-7ff500965000 rw-p 00000000 00:00 0 
7ff500965000-7ff500970000 r-xp 00000000 08:06 9176514                    /lib/x86_64-linux-gnu/libnss_nis-2.23.so
7ff500970000-7ff500b6f000 ---p 0000b000 08:06 9176514                    /lib/x86_64-linux-gnu/libnss_nis-2.23.so
7ff500b6f000-7ff500b70000 r--p 0000a000 08:06 9176514                    /lib/x86_64-linux-gnu/libnss_nis-2.23.so
7ff500b70000-7ff500b71000 rw-p 0000b000 08:06 9176514                    /lib/x86_64-linux-gnu/libnss_nis-2.23.so
7ff500b71000-7ff500b87000 r-xp 00000000 08:06 9175881                    /lib/x86_64-linux-gnu/libnsl-2.23.so
7ff500b87000-7ff500d86000 ---p 00016000 08:06 9175881                    /lib/x86_64-linux-gnu/libnsl-2.23.so
7ff500d86000-7ff500d87000 r--p 00015000 08:06 9175881                    /lib/x86_64-linux-gnu/libnsl-2.23.so
7ff500d87000-7ff500d88000 rw-p 00016000 08:06 9175881                    /lib/x86_64-linux-gnu/libnsl-2.23.so
7ff500d88000-7ff500d8a000 rw-p 00000000 00:00 0 
7ff500d8a000-7ff500d92000 r-xp 00000000 08:06 9176505                    /lib/x86_64-linux-gnu/libnss_compat-2.23.so
7ff500d92000-7ff500f91000 ---p 00008000 08:06 9176505                    /lib/x86_64-linux-gnu/libnss_compat-2.23.so
7ff500f91000-7ff500f92000 r--p 00007000 08:06 9176505                    /lib/x86_64-linux-gnu/libnss_compat-2.23.so
7ff500f92000-7ff500f93000 rw-p 00008000 08:06 9176505                    /lib/x86_64-linux-gnu/libnss_compat-2.23.so
7ff500f93000-7ff500f9d000 r-xp 00000000 08:06 4981648                    /usr/lib/jvm/jdk-11/lib/libinstrument.so
7ff500f9d000-7ff50119c000 ---p 0000a000 08:06 4981648                    /usr/lib/jvm/jdk-11/lib/libinstrument.so
7ff50119c000-7ff50119d000 r--p 00009000 08:06 4981648                    /usr/lib/jvm/jdk-11/lib/libinstrument.so
7ff50119d000-7ff50119e000 rw-p 0000a000 08:06 4981648                    /usr/lib/jvm/jdk-11/lib/libinstrument.so
7ff50119e000-7ff5011c9000 r-xp 00000000 08:06 4981617                    /usr/lib/jvm/jdk-11/lib/libjava.so
7ff5011c9000-7ff5013c8000 ---p 0002b000 08:06 4981617                    /usr/lib/jvm/jdk-11/lib/libjava.so
7ff5013c8000-7ff5013c9000 r--p 0002a000 08:06 4981617                    /usr/lib/jvm/jdk-11/lib/libjava.so
7ff5013c9000-7ff5013cb000 rw-p 0002b000 08:06 4981617                    /usr/lib/jvm/jdk-11/lib/libjava.so
7ff5013cb000-7ff5013d8000 r-xp 00000000 08:06 4981634                    /usr/lib/jvm/jdk-11/lib/libverify.so
7ff5013d8000-7ff5015d7000 ---p 0000d000 08:06 4981634                    /usr/lib/jvm/jdk-11/lib/libverify.so
7ff5015d7000-7ff5015d9000 r--p 0000c000 08:06 4981634                    /usr/lib/jvm/jdk-11/lib/libverify.so
7ff5015d9000-7ff5015da000 rw-p 0000e000 08:06 4981634                    /usr/lib/jvm/jdk-11/lib/libverify.so
7ff5015da000-7ff5015e1000 r-xp 00000000 08:06 9176515                    /lib/x86_64-linux-gnu/librt-2.23.so
7ff5015e1000-7ff5017e0000 ---p 00007000 08:06 9176515                    /lib/x86_64-linux-gnu/librt-2.23.so
7ff5017e0000-7ff5017e1000 r--p 00006000 08:06 9176515                    /lib/x86_64-linux-gnu/librt-2.23.so
7ff5017e1000-7ff5017e2000 rw-p 00007000 08:06 9176515                    /lib/x86_64-linux-gnu/librt-2.23.so
7ff5017e2000-7ff5018ea000 r-xp 00000000 08:06 9175873                    /lib/x86_64-linux-gnu/libm-2.23.so
7ff5018ea000-7ff501ae9000 ---p 00108000 08:06 9175873                    /lib/x86_64-linux-gnu/libm-2.23.so
7ff501ae9000-7ff501aea000 r--p 00107000 08:06 9175873                    /lib/x86_64-linux-gnu/libm-2.23.so
7ff501aea000-7ff501aeb000 rw-p 00108000 08:06 9175873                    /lib/x86_64-linux-gnu/libm-2.23.so
7ff501aeb000-7ff502c73000 r-xp 00000000 08:06 4981647                    /usr/lib/jvm/jdk-11/lib/server/libjvm.so
7ff502c73000-7ff502e73000 ---p 01188000 08:06 4981647                    /usr/lib/jvm/jdk-11/lib/server/libjvm.so
7ff502e73000-7ff502f3d000 r--p 01188000 08:06 4981647                    /usr/lib/jvm/jdk-11/lib/server/libjvm.so
7ff502f3d000-7ff502f77000 rw-p 01252000 08:06 4981647                    /usr/lib/jvm/jdk-11/lib/server/libjvm.so
7ff502f77000-7ff502fcd000 rw-p 00000000 00:00 0 
7ff502fcd000-7ff50318d000 r-xp 00000000 08:06 9175929                    /lib/x86_64-linux-gnu/libc-2.23.so
7ff50318d000-7ff50338d000 ---p 001c0000 08:06 9175929                    /lib/x86_64-linux-gnu/libc-2.23.so
7ff50338d000-7ff503391000 r--p 001c0000 08:06 9175929                    /lib/x86_64-linux-gnu/libc-2.23.so
7ff503391000-7ff503393000 rw-p 001c4000 08:06 9175929                    /lib/x86_64-linux-gnu/libc-2.23.so
7ff503393000-7ff503397000 rw-p 00000000 00:00 0 
7ff503397000-7ff50339a000 r-xp 00000000 08:06 9176165                    /lib/x86_64-linux-gnu/libdl-2.23.so
7ff50339a000-7ff503599000 ---p 00003000 08:06 9176165                    /lib/x86_64-linux-gnu/libdl-2.23.so
7ff503599000-7ff50359a000 r--p 00002000 08:06 9176165                    /lib/x86_64-linux-gnu/libdl-2.23.so
7ff50359a000-7ff50359b000 rw-p 00003000 08:06 9176165                    /lib/x86_64-linux-gnu/libdl-2.23.so
7ff50359b000-7ff5035aa000 r-xp 00000000 08:06 4981613                    /usr/lib/jvm/jdk-11/lib/jli/libjli.so
7ff5035aa000-7ff5037aa000 ---p 0000f000 08:06 4981613                    /usr/lib/jvm/jdk-11/lib/jli/libjli.so
7ff5037aa000-7ff5037ab000 r--p 0000f000 08:06 4981613                    /usr/lib/jvm/jdk-11/lib/jli/libjli.so
7ff5037ab000-7ff5037ac000 rw-p 00010000 08:06 4981613                    /usr/lib/jvm/jdk-11/lib/jli/libjli.so
7ff5037ac000-7ff5037c4000 r-xp 00000000 08:06 9175889                    /lib/x86_64-linux-gnu/libpthread-2.23.so
7ff5037c4000-7ff5039c3000 ---p 00018000 08:06 9175889                    /lib/x86_64-linux-gnu/libpthread-2.23.so
7ff5039c3000-7ff5039c4000 r--p 00017000 08:06 9175889                    /lib/x86_64-linux-gnu/libpthread-2.23.so
7ff5039c4000-7ff5039c5000 rw-p 00018000 08:06 9175889                    /lib/x86_64-linux-gnu/libpthread-2.23.so
7ff5039c5000-7ff5039c9000 rw-p 00000000 00:00 0 
7ff5039c9000-7ff5039e2000 r-xp 00000000 08:06 9175101                    /lib/x86_64-linux-gnu/libz.so.1.2.8
7ff5039e2000-7ff503be1000 ---p 00019000 08:06 9175101                    /lib/x86_64-linux-gnu/libz.so.1.2.8
7ff503be1000-7ff503be2000 r--p 00018000 08:06 9175101                    /lib/x86_64-linux-gnu/libz.so.1.2.8
7ff503be2000-7ff503be3000 rw-p 00019000 08:06 9175101                    /lib/x86_64-linux-gnu/libz.so.1.2.8
7ff503be3000-7ff503c09000 r-xp 00000000 08:06 9175885                    /lib/x86_64-linux-gnu/ld-2.23.so
7ff503cd7000-7ff503cdb000 ---p 00000000 00:00 0 
7ff503cdb000-7ff503ddc000 rw-p 00000000 00:00 0 
7ff503ded000-7ff503df2000 rw-p 00000000 00:00 0 
7ff503df2000-7ff503dfd000 ---p 00000000 00:00 0 
7ff503dfd000-7ff503e05000 rw-s 00000000 08:06 6554324                    /tmp/hsperfdata_cc/28322
7ff503e05000-7ff503e06000 ---p 00000000 00:00 0 
7ff503e06000-7ff503e07000 r--p 00000000 00:00 0 
7ff503e07000-7ff503e08000 rw-p 00000000 00:00 0 
7ff503e08000-7ff503e09000 r--p 00025000 08:06 9175885                    /lib/x86_64-linux-gnu/ld-2.23.so
7ff503e09000-7ff503e0a000 rw-p 00026000 08:06 9175885                    /lib/x86_64-linux-gnu/ld-2.23.so
7ff503e0a000-7ff503e0b000 rw-p 00000000 00:00 0 
7ffdcdba5000-7ffdcdbc7000 rw-p 00000000 00:00 0                          [stack]
7ffdcdbcb000-7ffdcdbce000 r--p 00000000 00:00 0                          [vvar]
7ffdcdbce000-7ffdcdbd0000 r-xp 00000000 00:00 0                          [vdso]
ffffffffff600000-ffffffffff601000 r-xp 00000000 00:00 0                  [vsyscall]


VM Arguments:
jvm_args: -Dmaven.multiModuleProjectDirectory=/datamore/cc/knowledge -Dmaven.home=/etc/idea/idea-IU-192.6262.58/plugins/maven/lib/maven3 -Dclassworlds.conf=/etc/idea/idea-IU-192.6262.58/plugins/maven/lib/maven3/bin/m2.conf -Dmaven.ext.class.path=/etc/idea/idea-IU-192.6262.58/plugins/maven/lib/maven-event-listener.jar -javaagent:/etc/idea/idea-IU-192.6262.58/lib/idea_rt.jar=39018:/etc/idea/idea-IU-192.6262.58/bin -Dfile.encoding=UTF-8 
java_command: org.codehaus.classworlds.Launcher -Didea.version2019.2.1 -s /datamore/cc/.m2/settings.xml -Dmaven.repo.local=/datamore/cc/.m2/repository compile
java_class_path (initial): /etc/idea/idea-IU-192.6262.58/plugins/maven/lib/maven3/boot/plexus-classworlds-2.6.0.jar
Launcher Type: SUN_STANDARD

[Global flags]
     intx CICompilerCount                          = 15                                        {product} {ergonomic}
     uint ConcGCThreads                            = 7                                         {product} {ergonomic}
     uint G1ConcRefinementThreads                  = 28                                        {product} {ergonomic}
   size_t G1HeapRegionSize                         = 4194304                                   {product} {ergonomic}
    uintx GCDrainStackTargetSize                   = 64                                        {product} {ergonomic}
   size_t InitialHeapSize                          = 2113929216                                {product} {ergonomic}
   size_t MarkStackSize                            = 4194304                                   {product} {ergonomic}
   size_t MaxHeapSize                              = 32178700288                               {product} {ergonomic}
   size_t MinHeapDeltaBytes                        = 4194304                                   {product} {ergonomic}
    uintx NonNMethodCodeHeapSize                   = 8178940                                {pd product} {ergonomic}
    uintx NonProfiledCodeHeapSize                  = 121739650                              {pd product} {ergonomic}
    uintx ProfiledCodeHeapSize                     = 121739650                              {pd product} {ergonomic}
    uintx ReservedCodeCacheSize                    = 251658240                              {pd product} {ergonomic}
     bool SegmentedCodeCache                       = true                                      {product} {ergonomic}
     bool UseCompressedClassPointers               = true                                 {lp64_product} {ergonomic}
     bool UseCompressedOops                        = true                                 {lp64_product} {ergonomic}
     bool UseG1GC                                  = true                                      {product} {ergonomic}

Logging:
Log output configuration:
 #0: stdout all=warning uptime,level,tags
 #1: stderr all=off uptime,level,tags

Environment Variables:
JAVA_HOME=/usr/lib/jvm/java-8-oracle
JRE_HOME=/usr/lib/jvm/java-8-oracle/jre
CLASSPATH=/etc/idea/idea-IU-192.6262.58/lib/bootstrap.jar:/etc/idea/idea-IU-192.6262.58/lib/extensions.jar:/etc/idea/idea-IU-192.6262.58/lib/util.jar:/etc/idea/idea-IU-192.6262.58/lib/jdom.jar:/etc/idea/idea-IU-192.6262.58/lib/log4j.jar:/etc/idea/idea-IU-192.6262.58/lib/trove4j.jar:/etc/idea/idea-IU-192.6262.58/lib/jna.jar:/etc/idea/idea-IU-192.6262.58/jbr/lib/tools.jar
PATH=/home/cc/bin:/home/cc/.local/bin:/usr/local/sbin:/usr/local/bin:/usr/sbin:/usr/bin:/sbin:/bin:/usr/games:/usr/local/games:/snap/bin:/usr/lib/jvm/java-8-oracle/bin:/usr/lib/jvm/java-8-oracle/db/bin:/usr/lib/jvm/java-8-oracle/jre/bin:/usr/local/cuda/bin
LD_LIBRARY_PATH=:/usr/local/cuda/lib64:/usr/local/cuda/extras/CUPTI/lib64
SHELL=/bin/bash
DISPLAY=:4

Signal Handlers:
SIGSEGV: [libjvm.so+0xe5ab60], sa_mask[0]=11111111011111111101111111111110, sa_flags=SA_RESTART|SA_SIGINFO
SIGBUS: [libjvm.so+0xe5ab60], sa_mask[0]=11111111011111111101111111111110, sa_flags=SA_RESTART|SA_SIGINFO
SIGFPE: [libjvm.so+0xe5ab60], sa_mask[0]=11111111011111111101111111111110, sa_flags=SA_RESTART|SA_SIGINFO
SIGPIPE: [libjvm.so+0xc30c50], sa_mask[0]=11111111011111111101111111111110, sa_flags=SA_RESTART|SA_SIGINFO
SIGXFSZ: [libjvm.so+0xc30c50], sa_mask[0]=11111111011111111101111111111110, sa_flags=SA_RESTART|SA_SIGINFO
SIGILL: [libjvm.so+0xe5ab60], sa_mask[0]=11111111011111111101111111111110, sa_flags=SA_RESTART|SA_SIGINFO
SIGUSR2: [libjvm.so+0xc30af0], sa_mask[0]=00100000000000000000000000000000, sa_flags=SA_RESTART|SA_SIGINFO
SIGHUP: SIG_DFL, sa_mask[0]=00000000000000000000000000000000, sa_flags=none
SIGINT: SIG_DFL, sa_mask[0]=00000000000000000000000000000000, sa_flags=none
SIGTERM: SIG_DFL, sa_mask[0]=00000000000000000000000000000000, sa_flags=none
SIGQUIT: SIG_DFL, sa_mask[0]=00000000000000000000000000000000, sa_flags=none


---------------  S Y S T E M  ---------------

OS:DISTRIB_ID=Ubuntu
DISTRIB_RELEASE=16.04
DISTRIB_CODENAME=xenial
DISTRIB_DESCRIPTION="Ubuntu 16.04.5 LTS"
uname:Linux 4.4.0-141-generic #167-Ubuntu SMP Wed Dec 5 10:40:15 UTC 2018 x86_64
libc:glibc 2.23 NPTL 2.23 
rlimit: STACK 8192k, CORE 0k, NPROC 515059, NOFILE 1048576, AS infinity, DATA infinity, FSIZE infinity
load average:11.39 9.20 8.75

/proc/meminfo:
MemTotal:       131906436 kB
MemFree:          367576 kB
MemAvailable:      82596 kB
Buffers:            2352 kB
Cached:           167124 kB
SwapCached:       296944 kB
Active:         116043308 kB
Inactive:        5386592 kB
Active(anon):   116036424 kB
Inactive(anon):  5380976 kB
Active(file):       6884 kB
Inactive(file):     5616 kB
Unevictable:     8888244 kB
Mlocked:         8888244 kB
SwapTotal:       7999484 kB
SwapFree:              0 kB
Dirty:                 0 kB
Writeback:             0 kB
AnonPages:      129858428 kB
Mapped:            72392 kB
Shmem:            121588 kB
Slab:             415412 kB
SReclaimable:     219264 kB
SUnreclaim:       196148 kB
KernelStack:       37696 kB
PageTables:       414004 kB
NFS_Unstable:          0 kB
Bounce:                0 kB
WritebackTmp:          0 kB
CommitLimit:    73952700 kB
Committed_AS:   65662932 kB
VmallocTotal:   34359738367 kB
VmallocUsed:           0 kB
VmallocChunk:          0 kB
HardwareCorrupted:     0 kB
AnonHugePages:         0 kB
CmaTotal:              0 kB
CmaFree:               0 kB
HugePages_Total:       0
HugePages_Free:        0
HugePages_Rsvd:        0
HugePages_Surp:        0
Hugepagesize:       2048 kB
DirectMap4k:     1233940 kB
DirectMap2M:    104546304 kB
DirectMap1G:    30408704 kB


/proc/sys/kernel/threads-max (system-wide limit on the number of threads):
1030118


/proc/sys/vm/max_map_count (maximum number of memory map areas a process may have):
262144


/proc/sys/kernel/pid_max (system-wide limit on number of process identifiers):
40960


container (cgroup) information:
container_type: cgroupv1
cpu_cpuset_cpus: 0-39
cpu_memory_nodes: 0-1
active_processor_count: 40
cpu_quota: -1
cpu_period: 100000
cpu_shares: -1
memory_limit_in_bytes: -1
memory_and_swap_limit_in_bytes: -2
memory_soft_limit_in_bytes: -1
memory_usage_in_bytes: 133155307520
memory_max_usage_in_bytes: 0


CPU:total 40 (initial active 40) (10 cores per cpu, 2 threads per core) family 6 model 79 stepping 1, cmov, cx8, fxsr, mmx, sse, sse2, sse3, ssse3, sse4.1, sse4.2, popcnt, avx, avx2, aes, clmul, erms, rtm, 3dnowpref, lzcnt, ht, tsc, tscinvbit, bmi1, bmi2, adx, fma
CPU Model and flags from /proc/cpuinfo:
model name	: Intel(R) Xeon(R) CPU E5-2630 v4 @ 2.20GHz
flags		: fpu vme de pse tsc msr pae mce cx8 apic sep mtrr pge mca cmov pat pse36 clflush dts acpi mmx fxsr sse sse2 ss ht tm pbe syscall nx pdpe1gb rdtscp lm constant_tsc arch_perfmon pebs bts rep_good nopl xtopology nonstop_tsc aperfmperf pni pclmulqdq dtes64 monitor ds_cpl vmx smx est tm2 ssse3 sdbg fma cx16 xtpr pdcm pcid dca sse4_1 sse4_2 x2apic movbe popcnt tsc_deadline_timer aes xsave avx f16c rdrand lahf_lm abm 3dnowprefetch epb invpcid_single intel_pt ssbd ibrs ibpb stibp kaiser tpr_shadow vnmi flexpriority ept vpid fsgsbase tsc_adjust bmi1 hle avx2 smep bmi2 erms invpcid rtm cqm rdseed adx smap xsaveopt cqm_llc cqm_occup_llc cqm_mbm_total cqm_mbm_local dtherm ida arat pln pts flush_l1d

Memory: 4k page, physical 131906436k(367860k free), swap 7999484k(0k free)

vm_info: Java HotSpot(TM) 64-Bit Server VM (11+28) for linux-amd64 JRE (11+28), built on Aug 22 2018 18:51:59 by "mach5one" with gcc 7.3.0

END.
